0 info it worked if it ends with ok
1 verbose cli [ '/usr/local/bin/iojs',
1 verbose cli   '/usr/local/bin/npm',
1 verbose cli   'run',
1 verbose cli   'docs:print' ]
2 info using npm@3.3.12
3 info using node@v5.2.0
4 verbose run-script [ 'predocs:print', 'docs:print', 'postdocs:print' ]
5 info lifecycle magic-console@0.1.0~predocs:print: magic-console@0.1.0
6 silly lifecycle magic-console@0.1.0~predocs:print: no script for predocs:print, continuing
7 info lifecycle magic-console@0.1.0~docs:print: magic-console@0.1.0
8 verbose lifecycle magic-console@0.1.0~docs:print: unsafe-perm in lifecycle true
9 verbose lifecycle magic-console@0.1.0~docs:print: PATH: /usr/local/lib/node_modules/npm/bin/node-gyp-bin:/Users/grant/Sites/dia/magic-console/node_modules/.bin:/Users/grant/Library/Python/2.7/bin:/Users/grant/.rbenv/shims:/usr/local/heroku/bin:/usr/local/bin:/usr/local/sbin:/usr/bin:/bin:/usr/sbin:/sbin:/usr/local/git/bin:/usr/local/mongodb/bin
10 verbose lifecycle magic-console@0.1.0~docs:print: CWD: /Users/grant/Sites/dia/magic-console
11 silly lifecycle magic-console@0.1.0~docs:print: Args: [ '-c',
11 silly lifecycle   'node node_modules/gitbook-cli/bin/gitbook.js pdf . magic-console.pdf' ]
12 silly lifecycle magic-console@0.1.0~docs:print: Returned: code: 1  signal: null
13 info lifecycle magic-console@0.1.0~docs:print: Failed to exec docs:print script
14 verbose stack Error: magic-console@0.1.0 docs:print: `node node_modules/gitbook-cli/bin/gitbook.js pdf . magic-console.pdf`
14 verbose stack Exit status 1
14 verbose stack     at EventEmitter.<anonymous> (/usr/local/lib/node_modules/npm/lib/utils/lifecycle.js:232:16)
14 verbose stack     at emitTwo (events.js:88:13)
14 verbose stack     at EventEmitter.emit (events.js:173:7)
14 verbose stack     at ChildProcess.<anonymous> (/usr/local/lib/node_modules/npm/lib/utils/spawn.js:24:14)
14 verbose stack     at emitTwo (events.js:88:13)
14 verbose stack     at ChildProcess.emit (events.js:173:7)
14 verbose stack     at maybeClose (internal/child_process.js:819:16)
14 verbose stack     at Process.ChildProcess._handle.onexit (internal/child_process.js:212:5)
15 verbose pkgid magic-console@0.1.0
16 verbose cwd /Users/grant/Sites/dia/magic-console
17 error Darwin 15.3.0
18 error argv "/usr/local/bin/iojs" "/usr/local/bin/npm" "run" "docs:print"
19 error node v5.2.0
20 error npm  v3.3.12
21 error code ELIFECYCLE
22 error magic-console@0.1.0 docs:print: `node node_modules/gitbook-cli/bin/gitbook.js pdf . magic-console.pdf`
22 error Exit status 1
23 error Failed at the magic-console@0.1.0 docs:print script 'node node_modules/gitbook-cli/bin/gitbook.js pdf . magic-console.pdf'.
23 error Make sure you have the latest version of node.js and npm installed.
23 error If you do, this is most likely a problem with the magic-console package,
23 error not with npm itself.
23 error Tell the author that this fails on your system:
23 error     node node_modules/gitbook-cli/bin/gitbook.js pdf . magic-console.pdf
23 error You can get their info via:
23 error     npm owner ls magic-console
23 error There is likely additional logging output above.
24 verbose exit [ 1, true ]
